[10120:7376:0512/132020:245391241:ERROR:cache_util_win.cc(43)] Unable to move the cache: 5
[10120:7376:0512/132020:245391241:ERROR:backend_impl.cc(134)] Unable to move cache folder C:\Users\TomKim\AppData\Local\Sencha\Sencha Architect 2.2\Cache to C:\Users\TomKim\AppData\Local\Sencha\Sencha Architect 2.2\old_Cache_000
[10120:7376:0512/132020:245391241:ERROR:backend_impl.cc(221)] Unable to create cache
[10120:4804:0512/132020:245391241:ERROR:proxy_resolver_winhttp.cc(94)] WinHttpGetProxyForUrl failed: 12167
[10120:2820:0512/132022:245392536:ERROR:proxy_resolver_winhttp.cc(94)] WinHttpGetProxyForUrl failed: 12167
[10120:2820:0512/132022:245392552:ERROR:proxy_resolver_winhttp.cc(94)] WinHttpGetProxyForUrl failed: 12167
[10120:2820:0512/132022:245392552:ERROR:proxy_resolver_winhttp.cc(94)] WinHttpGetProxyForUrl failed: 12167
[10120:10064:0512/132022:245393207:ERROR:proxy_resolver_winhttp.cc(94)] WinHttpGetProxyForUrl failed: 12167
[10120:10064:0512/132024:245395266:ERROR:proxy_resolver_winhttp.cc(94)] WinHttpGetProxyForUrl failed: 12167
[10120:10064:0512/132104:245434750:ERROR:proxy_resolver_winhttp.cc(94)] WinHttpGetProxyForUrl failed: 12167
[10120:10100:0512/132104:245435265:ERROR:window_impl.cc(55)] Failed to unregister class Chrome_WidgetWin_0. Error = 1412
[5852:6612:0512/132202:245492439:ERROR:proxy_resolver_winhttp.cc(94)] WinHttpGetProxyForUrl failed: 12167
[5852:10048:0512/132202:245492439:ERROR:proxy_resolver_winhttp.cc(94)] WinHttpGetProxyForUrl failed: 12167
[5852:6612:0512/132202:245492439:ERROR:proxy_resolver_winhttp.cc(94)] WinHttpGetProxyForUrl failed: 12167
[5852:6424:0512/132204:245494904:ERROR:proxy_resolver_winhttp.cc(94)] WinHttpGetProxyForUrl failed: 12167
[5852:8356:0512/132205:245495637:FATAL:browser_child_process_host_iterator.cc(23)] Check failed: BrowserThread::CurrentlyOn(BrowserThread::IO). BrowserChildProcessHostIterator must be used on the IO thread.
[10024:1028:0512/132305:245555729:ERROR:proxy_resolver_winhttp.cc(94)] WinHttpGetProxyForUrl failed: 12167
[10024:1028:0512/132305:245555729:ERROR:proxy_resolver_winhttp.cc(94)] WinHttpGetProxyForUrl failed: 12167
[10024:1028:0512/132305:245555729:ERROR:proxy_resolver_winhttp.cc(94)] WinHttpGetProxyForUrl failed: 12167
[10024:9532:0512/132306:245557024:ERROR:proxy_resolver_winhttp.cc(94)] WinHttpGetProxyForUrl failed: 12167
[10024:9532:0512/132308:245559130:ERROR:proxy_resolver_winhttp.cc(94)] WinHttpGetProxyForUrl failed: 12167
[10024:9532:0512/132330:245581313:ERROR:proxy_resolver_winhttp.cc(94)] WinHttpGetProxyForUrl failed: 12167
[10024:9532:0512/132406:245617271:ERROR:proxy_resolver_winhttp.cc(94)] WinHttpGetProxyForUrl failed: 12167
[10024:9532:0512/132413:245623667:ERROR:proxy_resolver_winhttp.cc(94)] WinHttpGetProxyForUrl failed: 12167
[10024:9636:0512/132519:245690139:ERROR:proxy_resolver_winhttp.cc(94)] WinHttpGetProxyForUrl failed: 12167
[10024:9636:0512/132632:245763179:ERROR:proxy_resolver_winhttp.cc(94)] WinHttpGetProxyForUrl failed: 12167
[10024:9636:0512/132636:245766455:ERROR:proxy_resolver_winhttp.cc(94)] WinHttpGetProxyForUrl failed: 12167
[10024:9636:0512/132701:245791618:ERROR:proxy_resolver_winhttp.cc(94)] WinHttpGetProxyForUrl failed: 12167
[10024:9636:0512/132702:245792960:ERROR:proxy_resolver_winhttp.cc(94)] WinHttpGetProxyForUrl failed: 12167
[10024:9636:0512/132923:245933782:ERROR:proxy_resolver_winhttp.cc(94)] WinHttpGetProxyForUrl failed: 12167
[10024:9636:0512/133056:246026680:ERROR:proxy_resolver_winhttp.cc(94)] WinHttpGetProxyForUrl failed: 12167
[10024:6228:0512/142421:249231846:ERROR:proxy_resolver_winhttp.cc(94)] WinHttpGetProxyForUrl failed: 12167
[10024:6228:0512/142442:249253155:ERROR:proxy_resolver_winhttp.cc(94)] WinHttpGetProxyForUrl failed: 12167
[10024:6228:0512/142443:249254310:ERROR:proxy_resolver_winhttp.cc(94)] WinHttpGetProxyForUrl failed: 12167
[10024:3600:0512/200046:269417158:ERROR:proxy_resolver_winhttp.cc(94)] WinHttpGetProxyForUrl failed: 12167
[10024:3600:0512/200103:269434272:ERROR:proxy_resolver_winhttp.cc(94)] WinHttpGetProxyForUrl failed: 12167
[10024:3600:0512/200509:269679645:ERROR:proxy_resolver_winhttp.cc(94)] WinHttpGetProxyForUrl failed: 12167
[10024:3600:0512/200520:269691065:ERROR:proxy_resolver_winhttp.cc(94)] WinHttpGetProxyForUrl failed: 12167
[10024:3600:0512/201606:270337174:ERROR:proxy_resolver_winhttp.cc(94)] WinHttpGetProxyForUrl failed: 12167
[10024:3600:0512/201620:270350902:ERROR:proxy_resolver_winhttp.cc(94)] WinHttpGetProxyForUrl failed: 12167
[10024:3600:0512/202025:270596027:ERROR:proxy_resolver_winhttp.cc(94)] WinHttpGetProxyForUrl failed: 12167
[10024:3600:0512/202316:270766645:ERROR:proxy_resolver_winhttp.cc(94)] WinHttpGetProxyForUrl failed: 12167
[10024:8344:0512/202422:270832462:ERROR:render_widget_host_impl.cc(1839)] We seem to have a different key type sent from the renderer. (7 vs. 10). Ignoring event.
[10024:8344:0512/202422:270832930:ERROR:render_widget_host_impl.cc(1836)] Got a KeyEvent back from the renderer but we don't seem to have sent it to the renderer!
[10024:3600:0512/202443:270853522:ERROR:proxy_resolver_winhttp.cc(94)] WinHttpGetProxyForUrl failed: 12167
[10024:3600:0512/202507:270877593:ERROR:proxy_resolver_winhttp.cc(94)] WinHttpGetProxyForUrl failed: 12167
[10024:3600:0512/202556:270927295:ERROR:proxy_resolver_winhttp.cc(94)] WinHttpGetProxyForUrl failed: 12167
[10024:3600:0512/202635:270965499:ERROR:proxy_resolver_winhttp.cc(94)] WinHttpGetProxyForUrl failed: 12167
[10024:3600:0512/203222:271313179:ERROR:proxy_resolver_winhttp.cc(94)] WinHttpGetProxyForUrl failed: 12167
[10024:3600:0512/203343:271394190:ERROR:proxy_resolver_winhttp.cc(94)] WinHttpGetProxyForUrl failed: 12167
[10024:3600:0512/203605:271536291:ERROR:proxy_resolver_winhttp.cc(94)] WinHttpGetProxyForUrl failed: 12167
[10024:3600:0512/203620:271550659:ERROR:proxy_resolver_winhttp.cc(94)] WinHttpGetProxyForUrl failed: 12167
[10024:3600:0512/203720:271610860:ERROR:proxy_resolver_winhttp.cc(94)] WinHttpGetProxyForUrl failed: 12167
[10024:3600:0512/203723:271613980:ERROR:proxy_resolver_winhttp.cc(94)] WinHttpGetProxyForUrl failed: 12167
[10024:3600:0512/203838:271688564:ERROR:proxy_resolver_winhttp.cc(94)] WinHttpGetProxyForUrl failed: 12167
[10024:3600:0512/203913:271723649:ERROR:proxy_resolver_winhttp.cc(94)] WinHttpGetProxyForUrl failed: 12167
[10024:8224:0512/204603:272134025:ERROR:proxy_resolver_winhttp.cc(94)] WinHttpGetProxyForUrl failed: 12167
[10024:8224:0512/204732:272223179:ERROR:proxy_resolver_winhttp.cc(94)] WinHttpGetProxyForUrl failed: 12167
[10024:8224:0512/204743:272233475:ERROR:proxy_resolver_winhttp.cc(94)] WinHttpGetProxyForUrl failed: 12167
[10024:5872:0512/205549:272719419:ERROR:proxy_resolver_winhttp.cc(94)] WinHttpGetProxyForUrl failed: 12167
[10024:5872:0512/205628:272758559:ERROR:proxy_resolver_winhttp.cc(94)] WinHttpGetProxyForUrl failed: 12167
[10024:5872:0512/205637:272767482:ERROR:proxy_resolver_winhttp.cc(94)] WinHttpGetProxyForUrl failed: 12167
[10024:5872:0512/205639:272770056:ERROR:proxy_resolver_winhttp.cc(94)] WinHttpGetProxyForUrl failed: 12167
[10024:5728:0512/205639:272770056:ERROR:proxy_resolver_winhttp.cc(94)] WinHttpGetProxyForUrl failed: 12167
[10024:9016:0512/205639:272770056:ERROR:proxy_resolver_winhttp.cc(94)] WinHttpGetProxyForUrl failed: 12167
[10024:5872:0512/205740:272830663:ERROR:proxy_resolver_winhttp.cc(94)] WinHttpGetProxyForUrl failed: 12167
[10024:5872:0512/210506:273277091:ERROR:proxy_resolver_winhttp.cc(94)] WinHttpGetProxyForUrl failed: 12167
[10024:5872:0512/210558:273329180:ERROR:proxy_resolver_winhttp.cc(94)] WinHttpGetProxyForUrl failed: 12167
[10024:5872:0512/210601:273332097:ERROR:proxy_resolver_winhttp.cc(94)] WinHttpGetProxyForUrl failed: 12167
[10024:5872:0512/210708:273399193:ERROR:proxy_resolver_winhttp.cc(94)] WinHttpGetProxyForUrl failed: 12167
[10024:5872:0512/210806:273457069:ERROR:proxy_resolver_winhttp.cc(94)] WinHttpGetProxyForUrl failed: 12167
[10024:5872:0512/210846:273496350:ERROR:proxy_resolver_winhttp.cc(94)] WinHttpGetProxyForUrl failed: 12167
[10024:5872:0512/210851:273501717:ERROR:proxy_resolver_winhttp.cc(94)] WinHttpGetProxyForUrl failed: 12167
[10024:5872:0512/210955:273566239:ERROR:proxy_resolver_winhttp.cc(94)] WinHttpGetProxyForUrl failed: 12167
[10024:5872:0512/211026:273596456:ERROR:proxy_resolver_winhttp.cc(94)] WinHttpGetProxyForUrl failed: 12167
[10024:5872:0512/211026:273596987:ERROR:proxy_resolver_winhttp.cc(94)] WinHttpGetProxyForUrl failed: 12167
[10024:5872:0512/211027:273597782:ERROR:proxy_resolver_winhttp.cc(94)] WinHttpGetProxyForUrl failed: 12167
[10024:5872:0512/211028:273598734:ERROR:proxy_resolver_winhttp.cc(94)] WinHttpGetProxyForUrl failed: 12167
[10024:5872:0512/211028:273598765:ERROR:proxy_resolver_winhttp.cc(94)] WinHttpGetProxyForUrl failed: 12167
[10024:5872:0512/211028:273599280:ERROR:proxy_resolver_winhttp.cc(94)] WinHttpGetProxyForUrl failed: 12167
[10024:5872:0512/211029:273599389:ERROR:proxy_resolver_winhttp.cc(94)] WinHttpGetProxyForUrl failed: 12167
[10024:9016:0512/211029:273599389:ERROR:proxy_resolver_winhttp.cc(94)] WinHttpGetProxyForUrl failed: 12167
[10024:5872:0512/211034:273604428:ERROR:proxy_resolver_winhttp.cc(94)] WinHttpGetProxyForUrl failed: 12167
[10024:5872:0512/211102:273632430:ERROR:proxy_resolver_winhttp.cc(94)] WinHttpGetProxyForUrl failed: 12167
[10024:5872:0512/211102:273632804:ERROR:proxy_resolver_winhttp.cc(94)] WinHttpGetProxyForUrl failed: 12167
[10024:5872:0512/211103:273634115:ERROR:proxy_resolver_winhttp.cc(94)] WinHttpGetProxyForUrl failed: 12167
[10024:5872:0512/211130:273661009:ERROR:proxy_resolver_winhttp.cc(94)] WinHttpGetProxyForUrl failed: 12167
[10024:5872:0512/211139:273669901:ERROR:proxy_resolver_winhttp.cc(94)] WinHttpGetProxyForUrl failed: 12167
[10024:5872:0512/211441:273851346:ERROR:proxy_resolver_winhttp.cc(94)] WinHttpGetProxyForUrl failed: 12167
[10024:5872:0512/211502:273872547:ERROR:proxy_resolver_winhttp.cc(94)] WinHttpGetProxyForUrl failed: 12167
[10024:5872:0512/211502:273872859:ERROR:proxy_resolver_winhttp.cc(94)] WinHttpGetProxyForUrl failed: 12167
[10024:5872:0512/211504:273874746:ERROR:proxy_resolver_winhttp.cc(94)] WinHttpGetProxyForUrl failed: 12167
[10024:5872:0512/212428:274438456:ERROR:proxy_resolver_winhttp.cc(94)] WinHttpGetProxyForUrl failed: 12167
[10024:5872:0512/212506:274477160:ERROR:proxy_resolver_winhttp.cc(94)] WinHttpGetProxyForUrl failed: 12167
[10024:5872:0512/212513:274483634:ERROR:proxy_resolver_winhttp.cc(94)] WinHttpGetProxyForUrl failed: 12167
[10024:5872:0512/212516:274486707:ERROR:proxy_resolver_winhttp.cc(94)] WinHttpGetProxyForUrl failed: 12167
[10024:5872:0512/212521:274491980:ERROR:proxy_resolver_winhttp.cc(94)] WinHttpGetProxyForUrl failed: 12167
[10024:5872:0512/212546:274516987:ERROR:proxy_resolver_winhttp.cc(94)] WinHttpGetProxyForUrl failed: 12167
[10024:5872:0512/212611:274541775:ERROR:proxy_resolver_winhttp.cc(94)] WinHttpGetProxyForUrl failed: 12167
[10024:5872:0512/213148:274878691:ERROR:proxy_resolver_winhttp.cc(94)] WinHttpGetProxyForUrl failed: 12167
[10024:5872:0512/213402:275013070:ERROR:proxy_resolver_winhttp.cc(94)] WinHttpGetProxyForUrl failed: 12167
[10024:5872:0512/213514:275085205:ERROR:proxy_resolver_winhttp.cc(94)] WinHttpGetProxyForUrl failed: 12167
[10024:5872:0512/213605:275135858:ERROR:proxy_resolver_winhttp.cc(94)] WinHttpGetProxyForUrl failed: 12167
[10024:5872:0512/213822:275272952:ERROR:proxy_resolver_winhttp.cc(94)] WinHttpGetProxyForUrl failed: 12167
[10024:5872:0512/215751:276441400:ERROR:proxy_resolver_winhttp.cc(94)] WinHttpGetProxyForUrl failed: 12167
[10024:5872:0512/215800:276450588:ERROR:proxy_resolver_winhttp.cc(94)] WinHttpGetProxyForUrl failed: 12167
[10024:5872:0512/215901:276511444:ERROR:proxy_resolver_winhttp.cc(94)] WinHttpGetProxyForUrl failed: 12167
[10024:5872:0512/215955:276565810:ERROR:proxy_resolver_winhttp.cc(94)] WinHttpGetProxyForUrl failed: 12167
[10024:5872:0512/220216:276706352:ERROR:proxy_resolver_winhttp.cc(94)] WinHttpGetProxyForUrl failed: 12167
[10024:5872:0512/220252:276742669:ERROR:proxy_resolver_winhttp.cc(94)] WinHttpGetProxyForUrl failed: 12167
[10024:5872:0512/220301:276751530:ERROR:proxy_resolver_winhttp.cc(94)] WinHttpGetProxyForUrl failed: 12167
[10024:5872:0512/220420:276831090:ERROR:proxy_resolver_winhttp.cc(94)] WinHttpGetProxyForUrl failed: 12167
[10024:5872:0512/220504:276874599:ERROR:proxy_resolver_winhttp.cc(94)] WinHttpGetProxyForUrl failed: 12167
[10024:5872:0512/220540:276911321:ERROR:proxy_resolver_winhttp.cc(94)] WinHttpGetProxyForUrl failed: 12167
[10024:5872:0512/223621:278751774:ERROR:proxy_resolver_winhttp.cc(94)] WinHttpGetProxyForUrl failed: 12167
[10024:5872:0512/223624:278755050:ERROR:proxy_resolver_winhttp.cc(94)] WinHttpGetProxyForUrl failed: 12167
[10024:5872:0512/223719:278809604:ERROR:proxy_resolver_winhttp.cc(94)] WinHttpGetProxyForUrl failed: 12167
[10024:5872:0512/224212:279103260:ERROR:proxy_resolver_winhttp.cc(94)] WinHttpGetProxyForUrl failed: 12167
[10024:5872:0512/224324:279174584:ERROR:proxy_resolver_winhttp.cc(94)] WinHttpGetProxyForUrl failed: 12167
[10024:5872:0512/224352:279203210:ERROR:proxy_resolver_winhttp.cc(94)] WinHttpGetProxyForUrl failed: 12167
[10024:5872:0512/224504:279274440:ERROR:proxy_resolver_winhttp.cc(94)] WinHttpGetProxyForUrl failed: 12167
[10024:5872:0512/224525:279296046:ERROR:proxy_resolver_winhttp.cc(94)] WinHttpGetProxyForUrl failed: 12167
[10024:5872:0512/225056:279626456:ERROR:proxy_resolver_winhttp.cc(94)] WinHttpGetProxyForUrl failed: 12167
[10024:5872:0512/225141:279671494:ERROR:proxy_resolver_winhttp.cc(94)] WinHttpGetProxyForUrl failed: 12167
[10024:5872:0512/225241:279732288:ERROR:proxy_resolver_winhttp.cc(94)] WinHttpGetProxyForUrl failed: 12167
[10024:5872:0512/225247:279738169:ERROR:proxy_resolver_winhttp.cc(94)] WinHttpGetProxyForUrl failed: 12167
[10024:5872:0512/225304:279754674:ERROR:proxy_resolver_winhttp.cc(94)] WinHttpGetProxyForUrl failed: 12167
[10024:5872:0512/225322:279773051:ERROR:proxy_resolver_winhttp.cc(94)] WinHttpGetProxyForUrl failed: 12167
[10024:5872:0512/225329:279780242:ERROR:proxy_resolver_winhttp.cc(94)] WinHttpGetProxyForUrl failed: 12167
[10024:5872:0512/225702:279993324:ERROR:proxy_resolver_winhttp.cc(94)] WinHttpGetProxyForUrl failed: 12167
[10024:5872:0512/225805:280056130:ERROR:proxy_resolver_winhttp.cc(94)] WinHttpGetProxyForUrl failed: 12167
[10024:5872:0512/225822:280072806:ERROR:proxy_resolver_winhttp.cc(94)] WinHttpGetProxyForUrl failed: 12167
[10024:5872:0512/230103:280233566:ERROR:proxy_resolver_winhttp.cc(94)] WinHttpGetProxyForUrl failed: 12167
[10024:5872:0512/230816:280667139:ERROR:proxy_resolver_winhttp.cc(94)] WinHttpGetProxyForUrl failed: 12167
[10024:5872:0512/230924:280734890:ERROR:proxy_resolver_winhttp.cc(94)] WinHttpGetProxyForUrl failed: 12167
[10024:5872:0512/231039:280809864:ERROR:proxy_resolver_winhttp.cc(94)] WinHttpGetProxyForUrl failed: 12167
[10024:5872:0512/231126:280856758:ERROR:proxy_resolver_winhttp.cc(94)] WinHttpGetProxyForUrl failed: 12167
[10024:5872:0512/231141:280872000:ERROR:proxy_resolver_winhttp.cc(94)] WinHttpGetProxyForUrl failed: 12167
[10024:5872:0512/231223:280913855:ERROR:proxy_resolver_winhttp.cc(94)] WinHttpGetProxyForUrl failed: 12167
[10024:5872:0512/231350:281001059:ERROR:proxy_resolver_winhttp.cc(94)] WinHttpGetProxyForUrl failed: 12167
[10024:5872:0512/231405:281016082:ERROR:proxy_resolver_winhttp.cc(94)] WinHttpGetProxyForUrl failed: 12167
[10024:5872:0512/231423:281034085:ERROR:proxy_resolver_winhttp.cc(94)] WinHttpGetProxyForUrl failed: 12167
[10024:5872:0512/231501:281071400:ERROR:proxy_resolver_winhttp.cc(94)] WinHttpGetProxyForUrl failed: 12167
[10024:5872:0512/231556:281127061:ERROR:proxy_resolver_winhttp.cc(94)] WinHttpGetProxyForUrl failed: 12167
[10024:5872:0512/231618:281148621:ERROR:proxy_resolver_winhttp.cc(94)] WinHttpGetProxyForUrl failed: 12167
[10024:5872:0512/231732:281222549:ERROR:proxy_resolver_winhttp.cc(94)] WinHttpGetProxyForUrl failed: 12167
[10024:5872:0512/232814:281864930:ERROR:proxy_resolver_winhttp.cc(94)] WinHttpGetProxyForUrl failed: 12167
[10024:5872:0512/233250:282141255:ERROR:proxy_resolver_winhttp.cc(94)] WinHttpGetProxyForUrl failed: 12167
[10024:5872:0512/233649:282379874:ERROR:proxy_resolver_winhttp.cc(94)] WinHttpGetProxyForUrl failed: 12167
[10024:5872:0512/233803:282454099:ERROR:proxy_resolver_winhttp.cc(94)] WinHttpGetProxyForUrl failed: 12167
[10024:5872:0512/233833:282483506:ERROR:proxy_resolver_winhttp.cc(94)] WinHttpGetProxyForUrl failed: 12167
[10024:5872:0512/234603:282934021:ERROR:proxy_resolver_winhttp.cc(94)] WinHttpGetProxyForUrl failed: 12167
[10024:5872:0512/234653:282983910:ERROR:proxy_resolver_winhttp.cc(94)] WinHttpGetProxyForUrl failed: 12167
[10024:5872:0512/234709:283000150:ERROR:proxy_resolver_winhttp.cc(94)] WinHttpGetProxyForUrl failed: 12167
[10024:5872:0512/234735:283025827:ERROR:proxy_resolver_winhttp.cc(94)] WinHttpGetProxyForUrl failed: 12167
[10024:5872:0512/234823:283073486:ERROR:proxy_resolver_winhttp.cc(94)] WinHttpGetProxyForUrl failed: 12167
[10024:5872:0512/235054:283225150:ERROR:proxy_resolver_winhttp.cc(94)] WinHttpGetProxyForUrl failed: 12167
[10024:5872:0512/235218:283308813:ERROR:proxy_resolver_winhttp.cc(94)] WinHttpGetProxyForUrl failed: 12167
[10024:5872:0512/235257:283348063:ERROR:proxy_resolver_winhttp.cc(94)] WinHttpGetProxyForUrl failed: 12167
[10024:5872:0512/235342:283393163:ERROR:proxy_resolver_winhttp.cc(94)] WinHttpGetProxyForUrl failed: 12167
[10024:5872:0512/235435:283446188:ERROR:proxy_resolver_winhttp.cc(94)] WinHttpGetProxyForUrl failed: 12167
[10024:5872:0512/235520:283490960:ERROR:proxy_resolver_winhttp.cc(94)] WinHttpGetProxyForUrl failed: 12167
[10024:5872:0512/235524:283495047:ERROR:proxy_resolver_winhttp.cc(94)] WinHttpGetProxyForUrl failed: 12167
[10024:5872:0512/235625:283556137:ERROR:proxy_resolver_winhttp.cc(94)] WinHttpGetProxyForUrl failed: 12167
[10024:5872:0513/000327:283977792:ERROR:proxy_resolver_winhttp.cc(94)] WinHttpGetProxyForUrl failed: 12167
[10024:5872:0513/000328:283978775:ERROR:proxy_resolver_winhttp.cc(94)] WinHttpGetProxyForUrl failed: 12167
[10024:5872:0513/000536:284106665:ERROR:proxy_resolver_winhttp.cc(94)] WinHttpGetProxyForUrl failed: 12167
[10024:5872:0513/000545:284116040:ERROR:proxy_resolver_winhttp.cc(94)] WinHttpGetProxyForUrl failed: 12167
[10024:5872:0513/000950:284361040:ERROR:proxy_resolver_winhttp.cc(94)] WinHttpGetProxyForUrl failed: 12167
[10024:5872:0513/000955:284366266:ERROR:proxy_resolver_winhttp.cc(94)] WinHttpGetProxyForUrl failed: 12167
[10024:5872:0513/001217:284507385:ERROR:proxy_resolver_winhttp.cc(94)] WinHttpGetProxyForUrl failed: 12167
[10024:5872:0513/001518:284689079:ERROR:proxy_resolver_winhttp.cc(94)] WinHttpGetProxyForUrl failed: 12167
[10024:5872:0513/002012:284982829:ERROR:proxy_resolver_winhttp.cc(94)] WinHttpGetProxyForUrl failed: 12167
[10024:5872:0513/002033:285003795:ERROR:proxy_resolver_winhttp.cc(94)] WinHttpGetProxyForUrl failed: 12167
[10024:5872:0513/002047:285017773:ERROR:proxy_resolver_winhttp.cc(94)] WinHttpGetProxyForUrl failed: 12167
[10024:5872:0513/002115:285046321:ERROR:proxy_resolver_winhttp.cc(94)] WinHttpGetProxyForUrl failed: 12167
[10024:5872:0513/002136:285066352:ERROR:proxy_resolver_winhttp.cc(94)] WinHttpGetProxyForUrl failed: 12167
[10024:5872:0513/002139:285069628:ERROR:proxy_resolver_winhttp.cc(94)] WinHttpGetProxyForUrl failed: 12167
[10024:5872:0513/002230:285120671:ERROR:proxy_resolver_winhttp.cc(94)] WinHttpGetProxyForUrl failed: 12167
[10024:5872:0513/002639:285369571:ERROR:proxy_resolver_winhttp.cc(94)] WinHttpGetProxyForUrl failed: 12167
[10024:5872:0513/003031:285602122:ERROR:proxy_resolver_winhttp.cc(94)] WinHttpGetProxyForUrl failed: 12167
[10024:5872:0513/003101:285631762:ERROR:proxy_resolver_winhttp.cc(94)] WinHttpGetProxyForUrl failed: 12167
[10024:5872:0513/003109:285640170:ERROR:proxy_resolver_winhttp.cc(94)] WinHttpGetProxyForUrl failed: 12167
[10024:5872:0513/003121:285652042:ERROR:proxy_resolver_winhttp.cc(94)] WinHttpGetProxyForUrl failed: 12167
[10024:5872:0513/003131:285661683:ERROR:proxy_resolver_winhttp.cc(94)] WinHttpGetProxyForUrl failed: 12167
[10024:5872:0513/003134:285665302:ERROR:proxy_resolver_winhttp.cc(94)] WinHttpGetProxyForUrl failed: 12167
[10024:5872:0513/003226:285717188:ERROR:proxy_resolver_winhttp.cc(94)] WinHttpGetProxyForUrl failed: 12167
[10024:5872:0513/003312:285762428:ERROR:proxy_resolver_winhttp.cc(94)] WinHttpGetProxyForUrl failed: 12167
[10024:5872:0513/004000:286170386:ERROR:proxy_resolver_winhttp.cc(94)] WinHttpGetProxyForUrl failed: 12167
[10024:8344:0513/004003:286174084:ERROR:window_impl.cc(55)] Failed to unregister class Chrome_WidgetWin_0. Error = 1412
[6536:6532:0515/004332:44684380:ERROR:cache_util_win.cc(43)] Unable to move the cache: 5
[6536:6532:0515/004332:44684395:ERROR:backend_impl.cc(134)] Unable to move cache folder C:\Users\TomKim\AppData\Local\Sencha\Sencha Architect 2.2\Cache to C:\Users\TomKim\AppData\Local\Sencha\Sencha Architect 2.2\old_Cache_000
[6536:6532:0515/004332:44684395:ERROR:backend_impl.cc(221)] Unable to create cache
[6536:7880:0515/004332:44684427:ERROR:proxy_resolver_winhttp.cc(94)] WinHttpGetProxyForUrl failed: 12167
[6536:7580:0515/004333:44685129:ERROR:proxy_resolver_winhttp.cc(94)] WinHttpGetProxyForUrl failed: 12167
[6536:2820:0515/004333:44685144:ERROR:proxy_resolver_winhttp.cc(94)] WinHttpGetProxyForUrl failed: 12006
[6536:7580:0515/004333:44685144:ERROR:proxy_resolver_winhttp.cc(94)] WinHttpGetProxyForUrl failed: 12167
[6536:7668:0515/004335:44686704:ERROR:proxy_resolver_winhttp.cc(94)] WinHttpGetProxyForUrl failed: 12167
[6536:7668:0515/004338:44689762:ERROR:proxy_resolver_winhttp.cc(94)] WinHttpGetProxyForUrl failed: 12167
[6536:7668:0515/004351:44702757:ERROR:proxy_resolver_winhttp.cc(94)] WinHttpGetProxyForUrl failed: 12167
[6536:7668:0515/004415:44726672:ERROR:proxy_resolver_winhttp.cc(94)] WinHttpGetProxyForUrl failed: 12167
[6536:7668:0515/015013:48685556:ERROR:proxy_resolver_winhttp.cc(94)] WinHttpGetProxyForUrl failed: 12167
[6536:7668:0515/015024:48695634:ERROR:proxy_resolver_winhttp.cc(94)] WinHttpGetProxyForUrl failed: 12167
[6536:7668:0515/015206:48798126:ERROR:proxy_resolver_winhttp.cc(94)] WinHttpGetProxyForUrl failed: 12167
[6536:7668:0515/015215:48807549:ERROR:proxy_resolver_winhttp.cc(94)] WinHttpGetProxyForUrl failed: 12167
[6536:7668:0515/015220:48812073:ERROR:proxy_resolver_winhttp.cc(94)] WinHttpGetProxyForUrl failed: 12167
[6536:7668:0515/015247:48839108:ERROR:proxy_resolver_winhttp.cc(94)] WinHttpGetProxyForUrl failed: 12167
[6536:7668:0515/015304:48856393:ERROR:proxy_resolver_winhttp.cc(94)] WinHttpGetProxyForUrl failed: 12167
[6536:7668:0515/015328:48880152:ERROR:proxy_resolver_winhttp.cc(94)] WinHttpGetProxyForUrl failed: 12167
[6536:7668:0515/015350:48902226:ERROR:proxy_resolver_winhttp.cc(94)] WinHttpGetProxyForUrl failed: 12167
[6536:7668:0515/015404:48916266:ERROR:proxy_resolver_winhttp.cc(94)] WinHttpGetProxyForUrl failed: 12167
[6536:7668:0515/015416:48928434:ERROR:proxy_resolver_winhttp.cc(94)] WinHttpGetProxyForUrl failed: 12167
[6536:7668:0515/015436:48948386:ERROR:proxy_resolver_winhttp.cc(94)] WinHttpGetProxyForUrl failed: 12167
[6536:7668:0515/015628:49059787:ERROR:proxy_resolver_winhttp.cc(94)] WinHttpGetProxyForUrl failed: 12167
[6536:7668:0515/015657:49088897:ERROR:proxy_resolver_winhttp.cc(94)] WinHttpGetProxyForUrl failed: 12167
[6536:7668:0515/015706:49098506:ERROR:proxy_resolver_winhttp.cc(94)] WinHttpGetProxyForUrl failed: 12167
[6536:7668:0515/015740:49132124:ERROR:proxy_resolver_winhttp.cc(94)] WinHttpGetProxyForUrl failed: 12167
[6536:7668:0515/015800:49151983:ERROR:proxy_resolver_winhttp.cc(94)] WinHttpGetProxyForUrl failed: 12167
[6536:7668:0515/015830:49182014:ERROR:proxy_resolver_winhttp.cc(94)] WinHttpGetProxyForUrl failed: 12167
[6536:7668:0515/015925:49236676:ERROR:proxy_resolver_winhttp.cc(94)] WinHttpGetProxyForUrl failed: 12167
[6536:7668:0515/015939:49250716:ERROR:proxy_resolver_winhttp.cc(94)] WinHttpGetProxyForUrl failed: 12167
[6536:7668:0515/020009:49281246:ERROR:proxy_resolver_winhttp.cc(94)] WinHttpGetProxyForUrl failed: 12167
[6536:7668:0515/020041:49312696:ERROR:proxy_resolver_winhttp.cc(94)] WinHttpGetProxyForUrl failed: 12167
[6536:7668:0515/020054:49325675:ERROR:proxy_resolver_winhttp.cc(94)] WinHttpGetProxyForUrl failed: 12167
[6536:7668:0515/020100:49331884:ERROR:proxy_resolver_winhttp.cc(94)] WinHttpGetProxyForUrl failed: 12167
[6536:7668:0515/020146:49377920:ERROR:proxy_resolver_winhttp.cc(94)] WinHttpGetProxyForUrl failed: 12167
[6536:7668:0515/020300:49451833:ERROR:proxy_resolver_winhttp.cc(94)] WinHttpGetProxyForUrl failed: 12167
[6536:7668:0515/021016:49888573:ERROR:proxy_resolver_winhttp.cc(94)] WinHttpGetProxyForUrl failed: 12167
[6536:7668:0515/021058:49929867:ERROR:proxy_resolver_winhttp.cc(94)] WinHttpGetProxyForUrl failed: 12167
[6536:7668:0515/021109:49941224:ERROR:proxy_resolver_winhttp.cc(94)] WinHttpGetProxyForUrl failed: 12167
[6536:7668:0515/021158:49990099:ERROR:proxy_resolver_winhttp.cc(94)] WinHttpGetProxyForUrl failed: 12167
[6536:7668:0515/021259:50050861:ERROR:proxy_resolver_winhttp.cc(94)] WinHttpGetProxyForUrl failed: 12167
[6536:7668:0515/021329:50080891:ERROR:proxy_resolver_winhttp.cc(94)] WinHttpGetProxyForUrl failed: 12167
[6536:7668:0515/031805:53956923:ERROR:proxy_resolver_winhttp.cc(94)] WinHttpGetProxyForUrl failed: 12167
[6536:7668:0515/032353:54304977:ERROR:proxy_resolver_winhttp.cc(94)] WinHttpGetProxyForUrl failed: 12167
[6536:7668:0515/032516:54388219:ERROR:proxy_resolver_winhttp.cc(94)] WinHttpGetProxyForUrl failed: 12167
[6536:7668:0515/032545:54417579:ERROR:proxy_resolver_winhttp.cc(94)] WinHttpGetProxyForUrl failed: 12167
[6536:7668:0515/032724:54515656:ERROR:proxy_resolver_winhttp.cc(94)] WinHttpGetProxyForUrl failed: 12167
[6536:7668:0515/032819:54570740:ERROR:proxy_resolver_winhttp.cc(94)] WinHttpGetProxyForUrl failed: 12167
[6536:7668:0515/032829:54581536:ERROR:proxy_resolver_winhttp.cc(94)] WinHttpGetProxyForUrl failed: 12167
[6536:7668:0515/032944:54656416:ERROR:proxy_resolver_winhttp.cc(94)] WinHttpGetProxyForUrl failed: 12167
[6536:7668:0515/033058:54730095:ERROR:proxy_resolver_winhttp.cc(94)] WinHttpGetProxyForUrl failed: 12167
[6536:7668:0515/033450:54961819:ERROR:proxy_resolver_winhttp.cc(94)] WinHttpGetProxyForUrl failed: 12167
[6536:7668:0515/034637:55668691:ERROR:proxy_resolver_winhttp.cc(94)] WinHttpGetProxyForUrl failed: 12167
[6536:7668:0515/035823:56375032:ERROR:proxy_resolver_winhttp.cc(94)] WinHttpGetProxyForUrl failed: 12167
[6536:7668:0515/035927:56439367:ERROR:proxy_resolver_winhttp.cc(94)] WinHttpGetProxyForUrl failed: 12167
[5060:6864:0515/080117:6559639:ERROR:render_widget_host_impl.cc(1839)] We seem to have a different key type sent from the renderer. (7 vs. 10). Ignoring event.
[5060:6864:0515/080118:6560185:ERROR:render_widget_host_impl.cc(1836)] Got a KeyEvent back from the renderer but we don't seem to have sent it to the renderer!
[5060:6864:0515/080207:6609169:ERROR:render_widget_host_impl.cc(1839)] We seem to have a different key type sent from the renderer. (7 vs. 10). Ignoring event.
[5060:6864:0515/080208:6609902:ERROR:render_widget_host_impl.cc(1836)] Got a KeyEvent back from the renderer but we don't seem to have sent it to the renderer!
[5060:6864:0515/080245:6646765:ERROR:render_widget_host_impl.cc(1839)] We seem to have a different key type sent from the renderer. (7 vs. 10). Ignoring event.
[5060:6864:0515/080245:6647296:ERROR:render_widget_host_impl.cc(1836)] Got a KeyEvent back from the renderer but we don't seem to have sent it to the renderer!
[5060:6864:0515/080613:6854839:ERROR:render_widget_host_impl.cc(1839)] We seem to have a different key type sent from the renderer. (7 vs. 10). Ignoring event.
[5060:6864:0515/080613:6854902:ERROR:render_widget_host_impl.cc(1836)] Got a KeyEvent back from the renderer but we don't seem to have sent it to the renderer!
[5060:6864:0515/080613:6855323:ERROR:render_widget_host_impl.cc(1836)] Got a KeyEvent back from the renderer but we don't seem to have sent it to the renderer!
[5060:6864:0515/080622:6864652:ERROR:render_widget_host_impl.cc(1839)] We seem to have a different key type sent from the renderer. (7 vs. 10). Ignoring event.
[5060:6864:0515/080623:6864948:ERROR:render_widget_host_impl.cc(1836)] Got a KeyEvent back from the renderer but we don't seem to have sent it to the renderer!
[2724:1436:0516/000420:19772799:ERROR:window_impl.cc(55)] Failed to unregister class Chrome_WidgetWin_0. Error = 1412
